Determining if the pthread_create exist failed with the following output:
Change Dir: /home/billy/ethz/AlgoCode/week3/firsthit/build/debug/CMakeFiles/CMakeTmp

Run Build Command:"/usr/bin/make" "cmTC_8ec34/fast"
/usr/bin/make -f CMakeFiles/cmTC_8ec34.dir/build.make CMakeFiles/cmTC_8ec34.dir/build
make[1]: Entering directory '/home/billy/ethz/AlgoCode/week3/firsthit/build/debug/CMakeFiles/CMakeTmp'
Building C object CMakeFiles/cmTC_8ec34.dir/CheckSymbolExists.c.o
/usr/bin/cc    -o CMakeFiles/cmTC_8ec34.dir/CheckSymbolExists.c.o   -c /home/billy/ethz/AlgoCode/week3/firsthit/build/debug/CMakeFiles/CMakeTmp/CheckSymbolExists.c
Linking C executable cmTC_8ec34
/usr/bin/cmake -E cmake_link_script CMakeFiles/cmTC_8ec34.dir/link.txt --verbose=1
/usr/bin/cc      -rdynamic CMakeFiles/cmTC_8ec34.dir/CheckSymbolExists.c.o  -o cmTC_8ec34 
/usr/bin/ld: CMakeFiles/cmTC_8ec34.dir/CheckSymbolExists.c.o: in function `main':
CheckSymbolExists.c:(.text+0x1b): undefined reference to `pthread_create'
collect2: error: ld returned 1 exit status
make[1]: *** [CMakeFiles/cmTC_8ec34.dir/build.make:87: cmTC_8ec34] Error 1
make[1]: Leaving directory '/home/billy/ethz/AlgoCode/week3/firsthit/build/debug/CMakeFiles/CMakeTmp'
make: *** [Makefile:121: cmTC_8ec34/fast] Error 2

File /home/billy/ethz/AlgoCode/week3/firsthit/build/debug/CMakeFiles/CMakeTmp/CheckSymbolExists.c:
/* */
#include <pthread.h>

int main(int argc, char** argv)
{
  (void)argv;
#ifndef pthread_create
  return ((int*)(&pthread_create))[argc];
#else
  (void)argc;
  return 0;
#endif
}

Determining if the function pthread_create exists in the pthreads failed with the following output:
Change Dir: /home/billy/ethz/AlgoCode/week3/firsthit/build/debug/CMakeFiles/CMakeTmp

Run Build Command:"/usr/bin/make" "cmTC_95241/fast"
/usr/bin/make -f CMakeFiles/cmTC_95241.dir/build.make CMakeFiles/cmTC_95241.dir/build
make[1]: Entering directory '/home/billy/ethz/AlgoCode/week3/firsthit/build/debug/CMakeFiles/CMakeTmp'
Building C object CMakeFiles/cmTC_95241.dir/CheckFunctionExists.c.o
/usr/bin/cc   -DCHECK_FUNCTION_EXISTS=pthread_create   -o CMakeFiles/cmTC_95241.dir/CheckFunctionExists.c.o   -c /usr/share/cmake-3.13/Modules/CheckFunctionExists.c
Linking C executable cmTC_95241
/usr/bin/cmake -E cmake_link_script CMakeFiles/cmTC_95241.dir/link.txt --verbose=1
/usr/bin/cc  -DCHECK_FUNCTION_EXISTS=pthread_create    -rdynamic CMakeFiles/cmTC_95241.dir/CheckFunctionExists.c.o  -o cmTC_95241 -lpthreads 
/usr/bin/ld: cannot find -lpthreads
collect2: error: ld returned 1 exit status
make[1]: *** [CMakeFiles/cmTC_95241.dir/build.make:87: cmTC_95241] Error 1
make[1]: Leaving directory '/home/billy/ethz/AlgoCode/week3/firsthit/build/debug/CMakeFiles/CMakeTmp'
make: *** [Makefile:121: cmTC_95241/fast] Error 2


