Determining if the pthread_create exist failed with the following output:
Change Dir: /home/billy/ethz/AlgoCode/week4/first_steps/build/debug/CMakeFiles/CMakeTmp

Run Build Command:"/usr/bin/make" "cmTC_3703a/fast"
/usr/bin/make -f CMakeFiles/cmTC_3703a.dir/build.make CMakeFiles/cmTC_3703a.dir/build
make[1]: Entering directory '/home/billy/ethz/AlgoCode/week4/first_steps/build/debug/CMakeFiles/CMakeTmp'
Building C object CMakeFiles/cmTC_3703a.dir/CheckSymbolExists.c.o
/usr/bin/cc    -o CMakeFiles/cmTC_3703a.dir/CheckSymbolExists.c.o   -c /home/billy/ethz/AlgoCode/week4/first_steps/build/debug/CMakeFiles/CMakeTmp/CheckSymbolExists.c
Linking C executable cmTC_3703a
/usr/bin/cmake -E cmake_link_script CMakeFiles/cmTC_3703a.dir/link.txt --verbose=1
/usr/bin/cc      -rdynamic CMakeFiles/cmTC_3703a.dir/CheckSymbolExists.c.o  -o cmTC_3703a 
/usr/bin/ld: CMakeFiles/cmTC_3703a.dir/CheckSymbolExists.c.o: in function `main':
CheckSymbolExists.c:(.text+0x1b): undefined reference to `pthread_create'
collect2: error: ld returned 1 exit status
make[1]: *** [CMakeFiles/cmTC_3703a.dir/build.make:87: cmTC_3703a] Error 1
make[1]: Leaving directory '/home/billy/ethz/AlgoCode/week4/first_steps/build/debug/CMakeFiles/CMakeTmp'
make: *** [Makefile:121: cmTC_3703a/fast] Error 2

File /home/billy/ethz/AlgoCode/week4/first_steps/build/debug/CMakeFiles/CMakeTmp/CheckSymbolExists.c:
/* */
#include <pthread.h>

int main(int argc, char** argv)
{
  (void)argv;
#ifndef pthread_create
  return ((int*)(&pthread_create))[argc];
#else
  (void)argc;
  return 0;
#endif
}

Determining if the function pthread_create exists in the pthreads failed with the following output:
Change Dir: /home/billy/ethz/AlgoCode/week4/first_steps/build/debug/CMakeFiles/CMakeTmp

Run Build Command:"/usr/bin/make" "cmTC_8483a/fast"
/usr/bin/make -f CMakeFiles/cmTC_8483a.dir/build.make CMakeFiles/cmTC_8483a.dir/build
make[1]: Entering directory '/home/billy/ethz/AlgoCode/week4/first_steps/build/debug/CMakeFiles/CMakeTmp'
Building C object CMakeFiles/cmTC_8483a.dir/CheckFunctionExists.c.o
/usr/bin/cc   -DCHECK_FUNCTION_EXISTS=pthread_create   -o CMakeFiles/cmTC_8483a.dir/CheckFunctionExists.c.o   -c /usr/share/cmake-3.13/Modules/CheckFunctionExists.c
Linking C executable cmTC_8483a
/usr/bin/cmake -E cmake_link_script CMakeFiles/cmTC_8483a.dir/link.txt --verbose=1
/usr/bin/cc  -DCHECK_FUNCTION_EXISTS=pthread_create    -rdynamic CMakeFiles/cmTC_8483a.dir/CheckFunctionExists.c.o  -o cmTC_8483a -lpthreads 
/usr/bin/ld: cannot find -lpthreads
collect2: error: ld returned 1 exit status
make[1]: *** [CMakeFiles/cmTC_8483a.dir/build.make:87: cmTC_8483a] Error 1
make[1]: Leaving directory '/home/billy/ethz/AlgoCode/week4/first_steps/build/debug/CMakeFiles/CMakeTmp'
make: *** [Makefile:121: cmTC_8483a/fast] Error 2


